{"D:\\BINAR\\Ch5\\ChallangeChapter5\\app.js": {"path":"D:\\BINAR\\Ch5\\ChallangeChapter5\\app.js","all":false,"statementMap":{"0":{"start":{"line":1,"column":0},"end":{"line":1,"column":27}},"1":{"start":{"line":2,"column":0},"end":{"line":2,"column":0}},"2":{"start":{"line":3,"column":0},"end":{"line":3,"column":35}},"3":{"start":{"line":4,"column":0},"end":{"line":4,"column":42}},"4":{"start":{"line":5,"column":0},"end":{"line":5,"column":50}},"5":{"start":{"line":6,"column":0},"end":{"line":6,"column":56}},"6":{"start":{"line":7,"column":0},"end":{"line":7,"column":64}},"7":{"start":{"line":8,"column":0},"end":{"line":8,"column":50}},"8":{"start":{"line":9,"column":0},"end":{"line":9,"column":33}},"9":{"start":{"line":10,"column":0},"end":{"line":10,"column":43}},"10":{"start":{"line":11,"column":0},"end":{"line":11,"column":39}},"11":{"start":{"line":12,"column":0},"end":{"line":12,"column":18}},"12":{"start":{"line":13,"column":0},"end":{"line":13,"column":0}},"13":{"start":{"line":14,"column":0},"end":{"line":14,"column":22}},"14":{"start":{"line":15,"column":0},"end":{"line":15,"column":27}},"15":{"start":{"line":16,"column":0},"end":{"line":16,"column":23}},"16":{"start":{"line":17,"column":0},"end":{"line":17,"column":0}},"17":{"start":{"line":18,"column":0},"end":{"line":18,"column":30}},"18":{"start":{"line":19,"column":0},"end":{"line":19,"column":0}},"19":{"start":{"line":20,"column":0},"end":{"line":20,"column":8}},"20":{"start":{"line":21,"column":0},"end":{"line":21,"column":11}},"21":{"start":{"line":22,"column":0},"end":{"line":22,"column":21}},"22":{"start":{"line":23,"column":0},"end":{"line":23,"column":18}},"23":{"start":{"line":24,"column":0},"end":{"line":24,"column":28}},"24":{"start":{"line":25,"column":0},"end":{"line":25,"column":30}},"25":{"start":{"line":26,"column":0},"end":{"line":26,"column":4}},"26":{"start":{"line":27,"column":0},"end":{"line":27,"column":2}},"27":{"start":{"line":28,"column":0},"end":{"line":28,"column":17}},"28":{"start":{"line":29,"column":0},"end":{"line":29,"column":0}},"29":{"start":{"line":30,"column":0},"end":{"line":30,"column":25}},"30":{"start":{"line":31,"column":0},"end":{"line":31,"column":31}},"31":{"start":{"line":32,"column":0},"end":{"line":32,"column":37}},"32":{"start":{"line":33,"column":0},"end":{"line":33,"column":43}},"33":{"start":{"line":34,"column":0},"end":{"line":34,"column":51}},"34":{"start":{"line":35,"column":0},"end":{"line":35,"column":0}},"35":{"start":{"line":36,"column":0},"end":{"line":36,"column":30}},"36":{"start":{"line":37,"column":0},"end":{"line":37,"column":40}},"37":{"start":{"line":38,"column":0},"end":{"line":38,"column":26}},"38":{"start":{"line":39,"column":0},"end":{"line":39,"column":62}},"39":{"start":{"line":40,"column":0},"end":{"line":40,"column":5}},"40":{"start":{"line":41,"column":0},"end":{"line":41,"column":1}},"41":{"start":{"line":42,"column":0},"end":{"line":42,"column":0}},"42":{"start":{"line":43,"column":0},"end":{"line":43,"column":27}},"43":{"start":{"line":44,"column":0},"end":{"line":44,"column":63}},"44":{"start":{"line":45,"column":0},"end":{"line":45,"column":6}},"45":{"start":{"line":46,"column":0},"end":{"line":46,"column":0}},"46":{"start":{"line":47,"column":0},"end":{"line":47,"column":21}}},"s":{"0":1,"1":1,"2":1,"3":1,"4":1,"5":1,"6":1,"7":1,"8":1,"9":1,"10":1,"11":1,"12":1,"13":1,"14":1,"15":1,"16":1,"17":1,"18":1,"19":1,"20":1,"21":1,"22":1,"23":1,"24":1,"25":1,"26":1,"27":1,"28":1,"29":1,"30":1,"31":1,"32":1,"33":1,"34":1,"35":1,"36":0,"37":0,"38":0,"39":0,"40":0,"41":1,"42":1,"43":1,"44":1,"45":1,"46":1},"branchMap":{"0":{"type":"branch","line":36,"loc":{"start":{"line":36,"column":29},"end":{"line":41,"column":1}},"locations":[{"start":{"line":36,"column":29},"end":{"line":41,"column":1}}]}},"b":{"0":[0]},"fnMap":{},"f":{}}
,"D:\\BINAR\\Ch5\\ChallangeChapter5\\controllers\\accountController.js": {"path":"D:\\BINAR\\Ch5\\ChallangeChapter5\\controllers\\accountController.js","all":false,"statementMap":{"0":{"start":{"line":1,"column":0},"end":{"line":1,"column":25}},"1":{"start":{"line":2,"column":0},"end":{"line":2,"column":39}},"2":{"start":{"line":3,"column":0},"end":{"line":3,"column":9}},"3":{"start":{"line":4,"column":0},"end":{"line":4,"column":55}},"4":{"start":{"line":5,"column":0},"end":{"line":5,"column":28}},"5":{"start":{"line":6,"column":0},"end":{"line":6,"column":20}},"6":{"start":{"line":7,"column":0},"end":{"line":7,"column":52}},"7":{"start":{"line":8,"column":0},"end":{"line":8,"column":19}},"8":{"start":{"line":9,"column":0},"end":{"line":9,"column":9}},"9":{"start":{"line":10,"column":0},"end":{"line":10,"column":21}},"10":{"start":{"line":11,"column":0},"end":{"line":11,"column":45}},"11":{"start":{"line":12,"column":0},"end":{"line":12,"column":31}},"12":{"start":{"line":13,"column":0},"end":{"line":13,"column":66}},"13":{"start":{"line":14,"column":0},"end":{"line":14,"column":9}},"14":{"start":{"line":15,"column":0},"end":{"line":15,"column":5}},"15":{"start":{"line":16,"column":0},"end":{"line":16,"column":3}},"16":{"start":{"line":17,"column":0},"end":{"line":17,"column":0}},"17":{"start":{"line":18,"column":0},"end":{"line":18,"column":41}},"18":{"start":{"line":19,"column":0},"end":{"line":19,"column":38}},"19":{"start":{"line":20,"column":0},"end":{"line":20,"column":9}},"20":{"start":{"line":21,"column":0},"end":{"line":21,"column":56}},"21":{"start":{"line":22,"column":0},"end":{"line":22,"column":42}},"22":{"start":{"line":23,"column":0},"end":{"line":23,"column":9}},"23":{"start":{"line":24,"column":0},"end":{"line":24,"column":18}},"24":{"start":{"line":25,"column":0},"end":{"line":25,"column":73}},"25":{"start":{"line":26,"column":0},"end":{"line":26,"column":7}},"26":{"start":{"line":27,"column":0},"end":{"line":27,"column":28}},"27":{"start":{"line":28,"column":0},"end":{"line":28,"column":20}},"28":{"start":{"line":29,"column":0},"end":{"line":29,"column":52}},"29":{"start":{"line":30,"column":0},"end":{"line":30,"column":19}},"30":{"start":{"line":31,"column":0},"end":{"line":31,"column":9}},"31":{"start":{"line":32,"column":0},"end":{"line":32,"column":21}},"32":{"start":{"line":33,"column":0},"end":{"line":33,"column":45}},"33":{"start":{"line":34,"column":0},"end":{"line":34,"column":31}},"34":{"start":{"line":35,"column":0},"end":{"line":35,"column":66}},"35":{"start":{"line":36,"column":0},"end":{"line":36,"column":9}},"36":{"start":{"line":37,"column":0},"end":{"line":37,"column":5}},"37":{"start":{"line":38,"column":0},"end":{"line":38,"column":3}},"38":{"start":{"line":39,"column":0},"end":{"line":39,"column":0}},"39":{"start":{"line":40,"column":0},"end":{"line":40,"column":41}},"40":{"start":{"line":41,"column":0},"end":{"line":41,"column":38}},"41":{"start":{"line":42,"column":0},"end":{"line":42,"column":9}},"42":{"start":{"line":43,"column":0},"end":{"line":43,"column":52}},"43":{"start":{"line":44,"column":0},"end":{"line":44,"column":42}},"44":{"start":{"line":45,"column":0},"end":{"line":45,"column":23}},"45":{"start":{"line":46,"column":0},"end":{"line":46,"column":9}},"46":{"start":{"line":47,"column":0},"end":{"line":47,"column":28}},"47":{"start":{"line":48,"column":0},"end":{"line":48,"column":20}},"48":{"start":{"line":49,"column":0},"end":{"line":49,"column":40}},"49":{"start":{"line":50,"column":0},"end":{"line":50,"column":25}},"50":{"start":{"line":51,"column":0},"end":{"line":51,"column":9}},"51":{"start":{"line":52,"column":0},"end":{"line":52,"column":21}},"52":{"start":{"line":53,"column":0},"end":{"line":53,"column":45}},"53":{"start":{"line":54,"column":0},"end":{"line":54,"column":31}},"54":{"start":{"line":55,"column":0},"end":{"line":55,"column":66}},"55":{"start":{"line":56,"column":0},"end":{"line":56,"column":9}},"56":{"start":{"line":57,"column":0},"end":{"line":57,"column":5}},"57":{"start":{"line":58,"column":0},"end":{"line":58,"column":3}},"58":{"start":{"line":59,"column":0},"end":{"line":59,"column":0}},"59":{"start":{"line":60,"column":0},"end":{"line":60,"column":41}},"60":{"start":{"line":61,"column":0},"end":{"line":61,"column":73}},"61":{"start":{"line":62,"column":0},"end":{"line":62,"column":9}},"62":{"start":{"line":63,"column":0},"end":{"line":63,"column":52}},"63":{"start":{"line":64,"column":0},"end":{"line":64,"column":15}},"64":{"start":{"line":65,"column":0},"end":{"line":65,"column":20}},"65":{"start":{"line":66,"column":0},"end":{"line":66,"column":30}},"66":{"start":{"line":67,"column":0},"end":{"line":67,"column":18}},"67":{"start":{"line":68,"column":0},"end":{"line":68,"column":44}},"68":{"start":{"line":69,"column":0},"end":{"line":69,"column":10}},"69":{"start":{"line":70,"column":0},"end":{"line":70,"column":9}},"70":{"start":{"line":71,"column":0},"end":{"line":71,"column":28}},"71":{"start":{"line":72,"column":0},"end":{"line":72,"column":20}},"72":{"start":{"line":73,"column":0},"end":{"line":73,"column":41}},"73":{"start":{"line":74,"column":0},"end":{"line":74,"column":25}},"74":{"start":{"line":75,"column":0},"end":{"line":75,"column":9}},"75":{"start":{"line":76,"column":0},"end":{"line":76,"column":21}},"76":{"start":{"line":77,"column":0},"end":{"line":77,"column":45}},"77":{"start":{"line":78,"column":0},"end":{"line":78,"column":31}},"78":{"start":{"line":79,"column":0},"end":{"line":79,"column":66}},"79":{"start":{"line":80,"column":0},"end":{"line":80,"column":9}},"80":{"start":{"line":81,"column":0},"end":{"line":81,"column":5}},"81":{"start":{"line":82,"column":0},"end":{"line":82,"column":3}},"82":{"start":{"line":83,"column":0},"end":{"line":83,"column":0}},"83":{"start":{"line":84,"column":0},"end":{"line":84,"column":42}},"84":{"start":{"line":85,"column":0},"end":{"line":85,"column":38}},"85":{"start":{"line":86,"column":0},"end":{"line":86,"column":9}},"86":{"start":{"line":87,"column":0},"end":{"line":87,"column":39}},"87":{"start":{"line":88,"column":0},"end":{"line":88,"column":42}},"88":{"start":{"line":89,"column":0},"end":{"line":89,"column":9}},"89":{"start":{"line":90,"column":0},"end":{"line":90,"column":28}},"90":{"start":{"line":91,"column":0},"end":{"line":91,"column":20}},"91":{"start":{"line":92,"column":0},"end":{"line":92,"column":41}},"92":{"start":{"line":93,"column":0},"end":{"line":93,"column":9}},"93":{"start":{"line":94,"column":0},"end":{"line":94,"column":21}},"94":{"start":{"line":95,"column":0},"end":{"line":95,"column":45}},"95":{"start":{"line":96,"column":0},"end":{"line":96,"column":31}},"96":{"start":{"line":97,"column":0},"end":{"line":97,"column":66}},"97":{"start":{"line":98,"column":0},"end":{"line":98,"column":9}},"98":{"start":{"line":99,"column":0},"end":{"line":99,"column":5}},"99":{"start":{"line":100,"column":0},"end":{"line":100,"column":3}},"100":{"start":{"line":101,"column":0},"end":{"line":101,"column":1}},"101":{"start":{"line":102,"column":0},"end":{"line":102,"column":0}},"102":{"start":{"line":103,"column":0},"end":{"line":103,"column":35}}},"s":{"0":1,"1":1,"2":2,"3":2,"4":0,"5":0,"6":0,"7":0,"8":0,"9":2,"10":2,"11":2,"12":2,"13":2,"14":2,"15":2,"16":1,"17":1,"18":2,"19":2,"20":2,"21":2,"22":2,"23":0,"24":0,"25":0,"26":0,"27":0,"28":0,"29":0,"30":0,"31":2,"32":2,"33":2,"34":2,"35":2,"36":2,"37":2,"38":1,"39":1,"40":3,"41":3,"42":3,"43":3,"44":3,"45":3,"46":0,"47":0,"48":0,"49":0,"50":0,"51":3,"52":3,"53":3,"54":3,"55":3,"56":3,"57":3,"58":1,"59":1,"60":4,"61":4,"62":4,"63":4,"64":4,"65":4,"66":4,"67":4,"68":4,"69":4,"70":0,"71":0,"72":0,"73":0,"74":0,"75":4,"76":4,"77":4,"78":4,"79":4,"80":4,"81":4,"82":1,"83":1,"84":2,"85":2,"86":2,"87":2,"88":2,"89":0,"90":0,"91":0,"92":0,"93":2,"94":2,"95":2,"96":2,"97":2,"98":2,"99":2,"100":1,"101":1,"102":1},"branchMap":{"0":{"type":"branch","line":2,"loc":{"start":{"line":2,"column":2},"end":{"line":16,"column":3}},"locations":[{"start":{"line":2,"column":2},"end":{"line":16,"column":3}}]},"1":{"type":"branch","line":4,"loc":{"start":{"line":4,"column":54},"end":{"line":10,"column":6}},"locations":[{"start":{"line":4,"column":54},"end":{"line":10,"column":6}}]},"2":{"type":"branch","line":13,"loc":{"start":{"line":13,"column":30},"end":{"line":13,"column":66}},"locations":[{"start":{"line":13,"column":30},"end":{"line":13,"column":66}}]},"3":{"type":"branch","line":18,"loc":{"start":{"line":18,"column":2},"end":{"line":38,"column":3}},"locations":[{"start":{"line":18,"column":2},"end":{"line":38,"column":3}}]},"4":{"type":"branch","line":23,"loc":{"start":{"line":23,"column":8},"end":{"line":32,"column":6}},"locations":[{"start":{"line":23,"column":8},"end":{"line":32,"column":6}}]},"5":{"type":"branch","line":35,"loc":{"start":{"line":35,"column":30},"end":{"line":35,"column":66}},"locations":[{"start":{"line":35,"column":30},"end":{"line":35,"column":66}}]},"6":{"type":"branch","line":40,"loc":{"start":{"line":40,"column":2},"end":{"line":58,"column":3}},"locations":[{"start":{"line":40,"column":2},"end":{"line":58,"column":3}}]},"7":{"type":"branch","line":46,"loc":{"start":{"line":46,"column":8},"end":{"line":52,"column":6}},"locations":[{"start":{"line":46,"column":8},"end":{"line":52,"column":6}}]},"8":{"type":"branch","line":55,"loc":{"start":{"line":55,"column":30},"end":{"line":55,"column":66}},"locations":[{"start":{"line":55,"column":30},"end":{"line":55,"column":66}}]},"9":{"type":"branch","line":60,"loc":{"start":{"line":60,"column":2},"end":{"line":82,"column":3}},"locations":[{"start":{"line":60,"column":2},"end":{"line":82,"column":3}}]},"10":{"type":"branch","line":70,"loc":{"start":{"line":70,"column":8},"end":{"line":76,"column":6}},"locations":[{"start":{"line":70,"column":8},"end":{"line":76,"column":6}}]},"11":{"type":"branch","line":79,"loc":{"start":{"line":79,"column":30},"end":{"line":79,"column":66}},"locations":[{"start":{"line":79,"column":30},"end":{"line":79,"column":66}}]},"12":{"type":"branch","line":84,"loc":{"start":{"line":84,"column":2},"end":{"line":100,"column":3}},"locations":[{"start":{"line":84,"column":2},"end":{"line":100,"column":3}}]},"13":{"type":"branch","line":89,"loc":{"start":{"line":89,"column":8},"end":{"line":94,"column":6}},"locations":[{"start":{"line":89,"column":8},"end":{"line":94,"column":6}}]},"14":{"type":"branch","line":97,"loc":{"start":{"line":97,"column":30},"end":{"line":97,"column":66}},"locations":[{"start":{"line":97,"column":30},"end":{"line":97,"column":66}}]}},"b":{"0":[2],"1":[0],"2":[0],"3":[2],"4":[0],"5":[0],"6":[3],"7":[0],"8":[0],"9":[4],"10":[0],"11":[0],"12":[2],"13":[0],"14":[0]},"fnMap":{"0":{"name":"showAccounts","decl":{"start":{"line":2,"column":2},"end":{"line":16,"column":3}},"loc":{"start":{"line":2,"column":2},"end":{"line":16,"column":3}},"line":2},"1":{"name":"showAccountsId","decl":{"start":{"line":18,"column":2},"end":{"line":38,"column":3}},"loc":{"start":{"line":18,"column":2},"end":{"line":38,"column":3}},"line":18},"2":{"name":"updateAccounts","decl":{"start":{"line":40,"column":2},"end":{"line":58,"column":3}},"loc":{"start":{"line":40,"column":2},"end":{"line":58,"column":3}},"line":40},"3":{"name":"createAccounts","decl":{"start":{"line":60,"column":2},"end":{"line":82,"column":3}},"loc":{"start":{"line":60,"column":2},"end":{"line":82,"column":3}},"line":60},"4":{"name":"destroyAccounts","decl":{"start":{"line":84,"column":2},"end":{"line":100,"column":3}},"loc":{"start":{"line":84,"column":2},"end":{"line":100,"column":3}},"line":84}},"f":{"0":2,"1":2,"2":3,"3":4,"4":2}}
,"D:\\BINAR\\Ch5\\ChallangeChapter5\\controllers\\transactionController.js": {"path":"D:\\BINAR\\Ch5\\ChallangeChapter5\\controllers\\transactionController.js","all":false,"statementMap":{"0":{"start":{"line":1,"column":0},"end":{"line":1,"column":29}},"1":{"start":{"line":2,"column":0},"end":{"line":2,"column":40}},"2":{"start":{"line":3,"column":0},"end":{"line":3,"column":9}},"3":{"start":{"line":4,"column":0},"end":{"line":4,"column":44}},"4":{"start":{"line":5,"column":0},"end":{"line":5,"column":28}},"5":{"start":{"line":6,"column":0},"end":{"line":6,"column":20}},"6":{"start":{"line":7,"column":0},"end":{"line":7,"column":57}},"7":{"start":{"line":8,"column":0},"end":{"line":8,"column":58}},"8":{"start":{"line":9,"column":0},"end":{"line":9,"column":9}},"9":{"start":{"line":10,"column":0},"end":{"line":10,"column":21}},"10":{"start":{"line":11,"column":0},"end":{"line":11,"column":45}},"11":{"start":{"line":12,"column":0},"end":{"line":12,"column":31}},"12":{"start":{"line":13,"column":0},"end":{"line":13,"column":66}},"13":{"start":{"line":14,"column":0},"end":{"line":14,"column":9}},"14":{"start":{"line":15,"column":0},"end":{"line":15,"column":5}},"15":{"start":{"line":16,"column":0},"end":{"line":16,"column":3}},"16":{"start":{"line":17,"column":0},"end":{"line":17,"column":0}},"17":{"start":{"line":18,"column":0},"end":{"line":18,"column":42}},"18":{"start":{"line":19,"column":0},"end":{"line":19,"column":9}},"19":{"start":{"line":20,"column":0},"end":{"line":20,"column":69}},"20":{"start":{"line":21,"column":0},"end":{"line":21,"column":18}},"21":{"start":{"line":22,"column":0},"end":{"line":22,"column":18}},"22":{"start":{"line":23,"column":0},"end":{"line":23,"column":22}},"23":{"start":{"line":24,"column":0},"end":{"line":24,"column":97}},"24":{"start":{"line":25,"column":0},"end":{"line":25,"column":7}},"25":{"start":{"line":26,"column":0},"end":{"line":26,"column":28}},"26":{"start":{"line":27,"column":0},"end":{"line":27,"column":20}},"27":{"start":{"line":28,"column":0},"end":{"line":28,"column":57}},"28":{"start":{"line":29,"column":0},"end":{"line":29,"column":19}},"29":{"start":{"line":30,"column":0},"end":{"line":30,"column":9}},"30":{"start":{"line":31,"column":0},"end":{"line":31,"column":21}},"31":{"start":{"line":32,"column":0},"end":{"line":32,"column":45}},"32":{"start":{"line":33,"column":0},"end":{"line":33,"column":31}},"33":{"start":{"line":34,"column":0},"end":{"line":34,"column":66}},"34":{"start":{"line":35,"column":0},"end":{"line":35,"column":9}},"35":{"start":{"line":36,"column":0},"end":{"line":36,"column":5}},"36":{"start":{"line":37,"column":0},"end":{"line":37,"column":3}},"37":{"start":{"line":38,"column":0},"end":{"line":38,"column":0}},"38":{"start":{"line":39,"column":0},"end":{"line":39,"column":42}},"39":{"start":{"line":40,"column":0},"end":{"line":40,"column":71}},"40":{"start":{"line":41,"column":0},"end":{"line":41,"column":0}},"41":{"start":{"line":42,"column":0},"end":{"line":42,"column":21}},"42":{"start":{"line":43,"column":0},"end":{"line":43,"column":63}},"43":{"start":{"line":44,"column":0},"end":{"line":44,"column":100}},"44":{"start":{"line":45,"column":0},"end":{"line":45,"column":5}},"45":{"start":{"line":46,"column":0},"end":{"line":46,"column":0}},"46":{"start":{"line":47,"column":0},"end":{"line":47,"column":9}},"47":{"start":{"line":48,"column":0},"end":{"line":48,"column":58}},"48":{"start":{"line":49,"column":0},"end":{"line":49,"column":24}},"49":{"start":{"line":50,"column":0},"end":{"line":50,"column":29}},"50":{"start":{"line":51,"column":0},"end":{"line":51,"column":14}},"51":{"start":{"line":52,"column":0},"end":{"line":52,"column":8}},"52":{"start":{"line":53,"column":0},"end":{"line":53,"column":28}},"53":{"start":{"line":54,"column":0},"end":{"line":54,"column":20}},"54":{"start":{"line":55,"column":0},"end":{"line":55,"column":38}},"55":{"start":{"line":56,"column":0},"end":{"line":56,"column":31}},"56":{"start":{"line":57,"column":0},"end":{"line":57,"column":9}},"57":{"start":{"line":58,"column":0},"end":{"line":58,"column":21}},"58":{"start":{"line":59,"column":0},"end":{"line":59,"column":45}},"59":{"start":{"line":60,"column":0},"end":{"line":60,"column":31}},"60":{"start":{"line":61,"column":0},"end":{"line":61,"column":66}},"61":{"start":{"line":62,"column":0},"end":{"line":62,"column":9}},"62":{"start":{"line":63,"column":0},"end":{"line":63,"column":5}},"63":{"start":{"line":64,"column":0},"end":{"line":64,"column":3}},"64":{"start":{"line":65,"column":0},"end":{"line":65,"column":0}},"65":{"start":{"line":66,"column":0},"end":{"line":66,"column":43}},"66":{"start":{"line":67,"column":0},"end":{"line":67,"column":9}},"67":{"start":{"line":68,"column":0},"end":{"line":68,"column":77}},"68":{"start":{"line":69,"column":0},"end":{"line":69,"column":18}},"69":{"start":{"line":70,"column":0},"end":{"line":70,"column":18}},"70":{"start":{"line":71,"column":0},"end":{"line":71,"column":22}},"71":{"start":{"line":72,"column":0},"end":{"line":72,"column":94}},"72":{"start":{"line":73,"column":0},"end":{"line":73,"column":7}},"73":{"start":{"line":74,"column":0},"end":{"line":74,"column":28}},"74":{"start":{"line":75,"column":0},"end":{"line":75,"column":20}},"75":{"start":{"line":76,"column":0},"end":{"line":76,"column":44}},"76":{"start":{"line":77,"column":0},"end":{"line":77,"column":19}},"77":{"start":{"line":78,"column":0},"end":{"line":78,"column":9}},"78":{"start":{"line":79,"column":0},"end":{"line":79,"column":21}},"79":{"start":{"line":80,"column":0},"end":{"line":80,"column":45}},"80":{"start":{"line":81,"column":0},"end":{"line":81,"column":31}},"81":{"start":{"line":82,"column":0},"end":{"line":82,"column":66}},"82":{"start":{"line":83,"column":0},"end":{"line":83,"column":9}},"83":{"start":{"line":84,"column":0},"end":{"line":84,"column":5}},"84":{"start":{"line":85,"column":0},"end":{"line":85,"column":3}},"85":{"start":{"line":86,"column":0},"end":{"line":86,"column":1}},"86":{"start":{"line":87,"column":0},"end":{"line":87,"column":0}},"87":{"start":{"line":88,"column":0},"end":{"line":88,"column":39}}},"s":{"0":1,"1":1,"2":2,"3":2,"4":0,"5":0,"6":0,"7":0,"8":0,"9":2,"10":2,"11":2,"12":2,"13":2,"14":2,"15":2,"16":1,"17":1,"18":2,"19":2,"20":0,"21":0,"22":0,"23":0,"24":0,"25":0,"26":0,"27":0,"28":0,"29":0,"30":2,"31":2,"32":2,"33":2,"34":2,"35":2,"36":2,"37":1,"38":1,"39":3,"40":3,"41":3,"42":3,"43":2,"44":2,"45":1,"46":1,"47":1,"48":1,"49":1,"50":1,"51":1,"52":0,"53":0,"54":0,"55":0,"56":0,"57":3,"58":1,"59":1,"60":1,"61":1,"62":1,"63":3,"64":1,"65":1,"66":2,"67":2,"68":0,"69":0,"70":0,"71":0,"72":0,"73":0,"74":0,"75":0,"76":0,"77":0,"78":2,"79":2,"80":2,"81":2,"82":2,"83":2,"84":2,"85":1,"86":1,"87":1},"branchMap":{"0":{"type":"branch","line":2,"loc":{"start":{"line":2,"column":2},"end":{"line":16,"column":3}},"locations":[{"start":{"line":2,"column":2},"end":{"line":16,"column":3}}]},"1":{"type":"branch","line":4,"loc":{"start":{"line":4,"column":43},"end":{"line":10,"column":6}},"locations":[{"start":{"line":4,"column":43},"end":{"line":10,"column":6}}]},"2":{"type":"branch","line":13,"loc":{"start":{"line":13,"column":30},"end":{"line":13,"column":66}},"locations":[{"start":{"line":13,"column":30},"end":{"line":13,"column":66}}]},"3":{"type":"branch","line":18,"loc":{"start":{"line":18,"column":2},"end":{"line":37,"column":3}},"locations":[{"start":{"line":18,"column":2},"end":{"line":37,"column":3}}]},"4":{"type":"branch","line":20,"loc":{"start":{"line":20,"column":68},"end":{"line":31,"column":6}},"locations":[{"start":{"line":20,"column":68},"end":{"line":31,"column":6}}]},"5":{"type":"branch","line":34,"loc":{"start":{"line":34,"column":30},"end":{"line":34,"column":66}},"locations":[{"start":{"line":34,"column":30},"end":{"line":34,"column":66}}]},"6":{"type":"branch","line":39,"loc":{"start":{"line":39,"column":2},"end":{"line":64,"column":3}},"locations":[{"start":{"line":39,"column":2},"end":{"line":64,"column":3}}]},"7":{"type":"branch","line":43,"loc":{"start":{"line":43,"column":24},"end":{"line":43,"column":49}},"locations":[{"start":{"line":43,"column":24},"end":{"line":43,"column":49}}]},"8":{"type":"branch","line":43,"loc":{"start":{"line":43,"column":49},"end":{"line":43,"column":60}},"locations":[{"start":{"line":43,"column":49},"end":{"line":43,"column":60}}]},"9":{"type":"branch","line":43,"loc":{"start":{"line":43,"column":62},"end":{"line":45,"column":5}},"locations":[{"start":{"line":43,"column":62},"end":{"line":45,"column":5}}]},"10":{"type":"branch","line":45,"loc":{"start":{"line":45,"column":4},"end":{"line":52,"column":8}},"locations":[{"start":{"line":45,"column":4},"end":{"line":52,"column":8}}]},"11":{"type":"branch","line":52,"loc":{"start":{"line":52,"column":7},"end":{"line":58,"column":6}},"locations":[{"start":{"line":52,"column":7},"end":{"line":58,"column":6}}]},"12":{"type":"branch","line":58,"loc":{"start":{"line":58,"column":6},"end":{"line":63,"column":5}},"locations":[{"start":{"line":58,"column":6},"end":{"line":63,"column":5}}]},"13":{"type":"branch","line":61,"loc":{"start":{"line":61,"column":30},"end":{"line":61,"column":66}},"locations":[{"start":{"line":61,"column":30},"end":{"line":61,"column":66}}]},"14":{"type":"branch","line":66,"loc":{"start":{"line":66,"column":2},"end":{"line":85,"column":3}},"locations":[{"start":{"line":66,"column":2},"end":{"line":85,"column":3}}]},"15":{"type":"branch","line":68,"loc":{"start":{"line":68,"column":76},"end":{"line":79,"column":6}},"locations":[{"start":{"line":68,"column":76},"end":{"line":79,"column":6}}]},"16":{"type":"branch","line":82,"loc":{"start":{"line":82,"column":30},"end":{"line":82,"column":66}},"locations":[{"start":{"line":82,"column":30},"end":{"line":82,"column":66}}]}},"b":{"0":[2],"1":[0],"2":[0],"3":[2],"4":[0],"5":[0],"6":[3],"7":[1],"8":[1],"9":[2],"10":[1],"11":[0],"12":[1],"13":[0],"14":[2],"15":[0],"16":[0]},"fnMap":{"0":{"name":"showTransaksi","decl":{"start":{"line":2,"column":2},"end":{"line":16,"column":3}},"loc":{"start":{"line":2,"column":2},"end":{"line":16,"column":3}},"line":2},"1":{"name":"showTransaksiId","decl":{"start":{"line":18,"column":2},"end":{"line":37,"column":3}},"loc":{"start":{"line":18,"column":2},"end":{"line":37,"column":3}},"line":18},"2":{"name":"createTransaksi","decl":{"start":{"line":39,"column":2},"end":{"line":64,"column":3}},"loc":{"start":{"line":39,"column":2},"end":{"line":64,"column":3}},"line":39},"3":{"name":"destroyTransaksi","decl":{"start":{"line":66,"column":2},"end":{"line":85,"column":3}},"loc":{"start":{"line":66,"column":2},"end":{"line":85,"column":3}},"line":66}},"f":{"0":2,"1":2,"2":3,"3":2}}
,"D:\\BINAR\\Ch5\\ChallangeChapter5\\controllers\\userController.js": {"path":"D:\\BINAR\\Ch5\\ChallangeChapter5\\controllers\\userController.js","all":false,"statementMap":{"0":{"start":{"line":1,"column":0},"end":{"line":1,"column":24}},"1":{"start":{"line":2,"column":0},"end":{"line":2,"column":29}},"2":{"start":{"line":3,"column":0},"end":{"line":3,"column":9}},"3":{"start":{"line":4,"column":0},"end":{"line":4,"column":72}},"4":{"start":{"line":5,"column":0},"end":{"line":5,"column":106}},"5":{"start":{"line":6,"column":0},"end":{"line":6,"column":30}},"6":{"start":{"line":7,"column":0},"end":{"line":7,"column":18}},"7":{"start":{"line":8,"column":0},"end":{"line":8,"column":22}},"8":{"start":{"line":9,"column":0},"end":{"line":9,"column":65}},"9":{"start":{"line":10,"column":0},"end":{"line":10,"column":7}},"10":{"start":{"line":11,"column":0},"end":{"line":11,"column":28}},"11":{"start":{"line":12,"column":0},"end":{"line":12,"column":20}},"12":{"start":{"line":13,"column":0},"end":{"line":13,"column":54}},"13":{"start":{"line":14,"column":0},"end":{"line":14,"column":19}},"14":{"start":{"line":15,"column":0},"end":{"line":15,"column":9}},"15":{"start":{"line":16,"column":0},"end":{"line":16,"column":21}},"16":{"start":{"line":17,"column":0},"end":{"line":17,"column":45}},"17":{"start":{"line":18,"column":0},"end":{"line":18,"column":31}},"18":{"start":{"line":19,"column":0},"end":{"line":19,"column":66}},"19":{"start":{"line":20,"column":0},"end":{"line":20,"column":9}},"20":{"start":{"line":21,"column":0},"end":{"line":21,"column":5}},"21":{"start":{"line":22,"column":0},"end":{"line":22,"column":4}},"22":{"start":{"line":23,"column":0},"end":{"line":23,"column":0}},"23":{"start":{"line":24,"column":0},"end":{"line":24,"column":31}},"24":{"start":{"line":25,"column":0},"end":{"line":25,"column":9}},"25":{"start":{"line":26,"column":0},"end":{"line":26,"column":133}},"26":{"start":{"line":27,"column":0},"end":{"line":27,"column":18}},"27":{"start":{"line":28,"column":0},"end":{"line":28,"column":18}},"28":{"start":{"line":29,"column":0},"end":{"line":29,"column":22}},"29":{"start":{"line":30,"column":0},"end":{"line":30,"column":64}},"30":{"start":{"line":31,"column":0},"end":{"line":31,"column":7}},"31":{"start":{"line":32,"column":0},"end":{"line":32,"column":28}},"32":{"start":{"line":33,"column":0},"end":{"line":33,"column":20}},"33":{"start":{"line":34,"column":0},"end":{"line":34,"column":54}},"34":{"start":{"line":35,"column":0},"end":{"line":35,"column":19}},"35":{"start":{"line":36,"column":0},"end":{"line":36,"column":9}},"36":{"start":{"line":37,"column":0},"end":{"line":37,"column":21}},"37":{"start":{"line":38,"column":0},"end":{"line":38,"column":45}},"38":{"start":{"line":39,"column":0},"end":{"line":39,"column":31}},"39":{"start":{"line":40,"column":0},"end":{"line":40,"column":66}},"40":{"start":{"line":41,"column":0},"end":{"line":41,"column":9}},"41":{"start":{"line":42,"column":0},"end":{"line":42,"column":5}},"42":{"start":{"line":43,"column":0},"end":{"line":43,"column":4}},"43":{"start":{"line":44,"column":0},"end":{"line":44,"column":0}},"44":{"start":{"line":45,"column":0},"end":{"line":45,"column":31}},"45":{"start":{"line":46,"column":0},"end":{"line":46,"column":9}},"46":{"start":{"line":47,"column":0},"end":{"line":47,"column":43}},"47":{"start":{"line":48,"column":0},"end":{"line":48,"column":31}},"48":{"start":{"line":49,"column":0},"end":{"line":49,"column":65}},"49":{"start":{"line":50,"column":0},"end":{"line":50,"column":37}},"50":{"start":{"line":51,"column":0},"end":{"line":51,"column":57}},"51":{"start":{"line":52,"column":0},"end":{"line":52,"column":11}},"52":{"start":{"line":53,"column":0},"end":{"line":53,"column":7}},"53":{"start":{"line":54,"column":0},"end":{"line":54,"column":107}},"54":{"start":{"line":55,"column":0},"end":{"line":55,"column":28}},"55":{"start":{"line":56,"column":0},"end":{"line":56,"column":20}},"56":{"start":{"line":57,"column":0},"end":{"line":57,"column":49}},"57":{"start":{"line":58,"column":0},"end":{"line":58,"column":19}},"58":{"start":{"line":59,"column":0},"end":{"line":59,"column":9}},"59":{"start":{"line":60,"column":0},"end":{"line":60,"column":21}},"60":{"start":{"line":61,"column":0},"end":{"line":61,"column":45}},"61":{"start":{"line":62,"column":0},"end":{"line":62,"column":31}},"62":{"start":{"line":63,"column":0},"end":{"line":63,"column":66}},"63":{"start":{"line":64,"column":0},"end":{"line":64,"column":9}},"64":{"start":{"line":65,"column":0},"end":{"line":65,"column":5}},"65":{"start":{"line":66,"column":0},"end":{"line":66,"column":4}},"66":{"start":{"line":67,"column":0},"end":{"line":67,"column":0}},"67":{"start":{"line":68,"column":0},"end":{"line":68,"column":31}},"68":{"start":{"line":69,"column":0},"end":{"line":69,"column":9}},"69":{"start":{"line":70,"column":0},"end":{"line":70,"column":35}},"70":{"start":{"line":71,"column":0},"end":{"line":71,"column":130}},"71":{"start":{"line":72,"column":0},"end":{"line":72,"column":18}},"72":{"start":{"line":73,"column":0},"end":{"line":73,"column":18}},"73":{"start":{"line":74,"column":0},"end":{"line":74,"column":22}},"74":{"start":{"line":75,"column":0},"end":{"line":75,"column":74}},"75":{"start":{"line":76,"column":0},"end":{"line":76,"column":7}},"76":{"start":{"line":77,"column":0},"end":{"line":77,"column":28}},"77":{"start":{"line":78,"column":0},"end":{"line":78,"column":20}},"78":{"start":{"line":79,"column":0},"end":{"line":79,"column":48}},"79":{"start":{"line":80,"column":0},"end":{"line":80,"column":19}},"80":{"start":{"line":81,"column":0},"end":{"line":81,"column":9}},"81":{"start":{"line":82,"column":0},"end":{"line":82,"column":21}},"82":{"start":{"line":83,"column":0},"end":{"line":83,"column":45}},"83":{"start":{"line":84,"column":0},"end":{"line":84,"column":31}},"84":{"start":{"line":85,"column":0},"end":{"line":85,"column":66}},"85":{"start":{"line":86,"column":0},"end":{"line":86,"column":9}},"86":{"start":{"line":87,"column":0},"end":{"line":87,"column":5}},"87":{"start":{"line":88,"column":0},"end":{"line":88,"column":4}},"88":{"start":{"line":89,"column":0},"end":{"line":89,"column":0}},"89":{"start":{"line":90,"column":0},"end":{"line":90,"column":32}},"90":{"start":{"line":91,"column":0},"end":{"line":91,"column":9}},"91":{"start":{"line":92,"column":0},"end":{"line":92,"column":115}},"92":{"start":{"line":93,"column":0},"end":{"line":93,"column":18}},"93":{"start":{"line":94,"column":0},"end":{"line":94,"column":18}},"94":{"start":{"line":95,"column":0},"end":{"line":95,"column":22}},"95":{"start":{"line":96,"column":0},"end":{"line":96,"column":71}},"96":{"start":{"line":97,"column":0},"end":{"line":97,"column":7}},"97":{"start":{"line":98,"column":0},"end":{"line":98,"column":28}},"98":{"start":{"line":99,"column":0},"end":{"line":99,"column":20}},"99":{"start":{"line":100,"column":0},"end":{"line":100,"column":45}},"100":{"start":{"line":101,"column":0},"end":{"line":101,"column":9}},"101":{"start":{"line":102,"column":0},"end":{"line":102,"column":21}},"102":{"start":{"line":103,"column":0},"end":{"line":103,"column":45}},"103":{"start":{"line":104,"column":0},"end":{"line":104,"column":31}},"104":{"start":{"line":105,"column":0},"end":{"line":105,"column":66}},"105":{"start":{"line":106,"column":0},"end":{"line":106,"column":9}},"106":{"start":{"line":107,"column":0},"end":{"line":107,"column":5}},"107":{"start":{"line":108,"column":0},"end":{"line":108,"column":4}},"108":{"start":{"line":109,"column":0},"end":{"line":109,"column":2}},"109":{"start":{"line":110,"column":0},"end":{"line":110,"column":0}},"110":{"start":{"line":111,"column":0},"end":{"line":111,"column":32}}},"s":{"0":1,"1":1,"2":2,"3":2,"4":2,"5":0,"6":0,"7":0,"8":0,"9":0,"10":0,"11":0,"12":0,"13":0,"14":0,"15":2,"16":2,"17":2,"18":2,"19":2,"20":2,"21":1,"22":1,"23":1,"24":2,"25":2,"26":0,"27":0,"28":0,"29":0,"30":0,"31":0,"32":0,"33":0,"34":0,"35":0,"36":2,"37":2,"38":2,"39":2,"40":2,"41":2,"42":1,"43":1,"44":1,"45":2,"46":2,"47":2,"48":2,"49":1,"50":1,"51":1,"52":1,"53":2,"54":0,"55":0,"56":0,"57":0,"58":0,"59":2,"60":1,"61":1,"62":1,"63":1,"64":1,"65":1,"66":1,"67":1,"68":2,"69":2,"70":2,"71":0,"72":0,"73":0,"74":0,"75":0,"76":0,"77":0,"78":0,"79":0,"80":0,"81":2,"82":2,"83":2,"84":2,"85":2,"86":2,"87":1,"88":1,"89":1,"90":2,"91":2,"92":0,"93":0,"94":0,"95":0,"96":0,"97":0,"98":0,"99":0,"100":0,"101":2,"102":2,"103":2,"104":2,"105":2,"106":2,"107":2,"108":1,"109":1,"110":1},"branchMap":{"0":{"type":"branch","line":2,"loc":{"start":{"line":2,"column":2},"end":{"line":22,"column":3}},"locations":[{"start":{"line":2,"column":2},"end":{"line":22,"column":3}}]},"1":{"type":"branch","line":5,"loc":{"start":{"line":5,"column":39},"end":{"line":16,"column":6}},"locations":[{"start":{"line":5,"column":39},"end":{"line":16,"column":6}}]},"2":{"type":"branch","line":19,"loc":{"start":{"line":19,"column":30},"end":{"line":19,"column":66}},"locations":[{"start":{"line":19,"column":30},"end":{"line":19,"column":66}}]},"3":{"type":"branch","line":24,"loc":{"start":{"line":24,"column":2},"end":{"line":43,"column":3}},"locations":[{"start":{"line":24,"column":2},"end":{"line":43,"column":3}}]},"4":{"type":"branch","line":26,"loc":{"start":{"line":26,"column":57},"end":{"line":37,"column":6}},"locations":[{"start":{"line":26,"column":57},"end":{"line":37,"column":6}}]},"5":{"type":"branch","line":40,"loc":{"start":{"line":40,"column":30},"end":{"line":40,"column":66}},"locations":[{"start":{"line":40,"column":30},"end":{"line":40,"column":66}}]},"6":{"type":"branch","line":45,"loc":{"start":{"line":45,"column":2},"end":{"line":66,"column":3}},"locations":[{"start":{"line":45,"column":2},"end":{"line":66,"column":3}}]},"7":{"type":"branch","line":49,"loc":{"start":{"line":49,"column":23},"end":{"line":49,"column":41}},"locations":[{"start":{"line":49,"column":23},"end":{"line":49,"column":41}}]},"8":{"type":"branch","line":49,"loc":{"start":{"line":49,"column":41},"end":{"line":49,"column":62}},"locations":[{"start":{"line":49,"column":41},"end":{"line":49,"column":62}}]},"9":{"type":"branch","line":49,"loc":{"start":{"line":49,"column":64},"end":{"line":54,"column":45}},"locations":[{"start":{"line":49,"column":64},"end":{"line":54,"column":45}}]},"10":{"type":"branch","line":54,"loc":{"start":{"line":54,"column":45},"end":{"line":60,"column":6}},"locations":[{"start":{"line":54,"column":45},"end":{"line":60,"column":6}}]},"11":{"type":"branch","line":60,"loc":{"start":{"line":60,"column":6},"end":{"line":65,"column":5}},"locations":[{"start":{"line":60,"column":6},"end":{"line":65,"column":5}}]},"12":{"type":"branch","line":63,"loc":{"start":{"line":63,"column":30},"end":{"line":63,"column":66}},"locations":[{"start":{"line":63,"column":30},"end":{"line":63,"column":66}}]},"13":{"type":"branch","line":68,"loc":{"start":{"line":68,"column":2},"end":{"line":88,"column":3}},"locations":[{"start":{"line":68,"column":2},"end":{"line":88,"column":3}}]},"14":{"type":"branch","line":71,"loc":{"start":{"line":71,"column":69},"end":{"line":82,"column":6}},"locations":[{"start":{"line":71,"column":69},"end":{"line":82,"column":6}}]},"15":{"type":"branch","line":85,"loc":{"start":{"line":85,"column":30},"end":{"line":85,"column":66}},"locations":[{"start":{"line":85,"column":30},"end":{"line":85,"column":66}}]},"16":{"type":"branch","line":90,"loc":{"start":{"line":90,"column":2},"end":{"line":108,"column":4}},"locations":[{"start":{"line":90,"column":2},"end":{"line":108,"column":4}}]},"17":{"type":"branch","line":92,"loc":{"start":{"line":92,"column":56},"end":{"line":102,"column":6}},"locations":[{"start":{"line":92,"column":56},"end":{"line":102,"column":6}}]},"18":{"type":"branch","line":105,"loc":{"start":{"line":105,"column":30},"end":{"line":105,"column":66}},"locations":[{"start":{"line":105,"column":30},"end":{"line":105,"column":66}}]}},"b":{"0":[2],"1":[0],"2":[0],"3":[2],"4":[0],"5":[0],"6":[2],"7":[1],"8":[1],"9":[1],"10":[0],"11":[1],"12":[0],"13":[2],"14":[0],"15":[0],"16":[2],"17":[0],"18":[0]},"fnMap":{"0":{"name":"showUsers","decl":{"start":{"line":2,"column":2},"end":{"line":22,"column":3}},"loc":{"start":{"line":2,"column":2},"end":{"line":22,"column":3}},"line":2},"1":{"name":"showUsersId","decl":{"start":{"line":24,"column":2},"end":{"line":43,"column":3}},"loc":{"start":{"line":24,"column":2},"end":{"line":43,"column":3}},"line":24},"2":{"name":"createUsers","decl":{"start":{"line":45,"column":2},"end":{"line":66,"column":3}},"loc":{"start":{"line":45,"column":2},"end":{"line":66,"column":3}},"line":45},"3":{"name":"updateUsers","decl":{"start":{"line":68,"column":2},"end":{"line":88,"column":3}},"loc":{"start":{"line":68,"column":2},"end":{"line":88,"column":3}},"line":68},"4":{"name":"destroyUsers","decl":{"start":{"line":90,"column":2},"end":{"line":108,"column":4}},"loc":{"start":{"line":90,"column":2},"end":{"line":108,"column":4}},"line":90}},"f":{"0":2,"1":2,"2":2,"3":2,"4":2}}
,"D:\\BINAR\\Ch5\\ChallangeChapter5\\models\\prisma.js": {"path":"D:\\BINAR\\Ch5\\ChallangeChapter5\\models\\prisma.js","all":false,"statementMap":{"0":{"start":{"line":1,"column":0},"end":{"line":1,"column":51}},"1":{"start":{"line":2,"column":0},"end":{"line":2,"column":0}},"2":{"start":{"line":3,"column":0},"end":{"line":3,"column":34}},"3":{"start":{"line":4,"column":0},"end":{"line":4,"column":0}},"4":{"start":{"line":5,"column":0},"end":{"line":5,"column":24}}},"s":{"0":1,"1":1,"2":1,"3":1,"4":1},"branchMap":{},"b":{},"fnMap":{},"f":{}}
,"D:\\BINAR\\Ch5\\ChallangeChapter5\\routes\\accountRoutes.js": {"path":"D:\\BINAR\\Ch5\\ChallangeChapter5\\routes\\accountRoutes.js","all":false,"statementMap":{"0":{"start":{"line":1,"column":0},"end":{"line":1,"column":35}},"1":{"start":{"line":2,"column":0},"end":{"line":2,"column":32}},"2":{"start":{"line":3,"column":0},"end":{"line":3,"column":70}},"3":{"start":{"line":4,"column":0},"end":{"line":4,"column":0}},"4":{"start":{"line":5,"column":0},"end":{"line":5,"column":35}},"5":{"start":{"line":6,"column":0},"end":{"line":6,"column":86}},"6":{"start":{"line":7,"column":0},"end":{"line":7,"column":0}},"7":{"start":{"line":8,"column":0},"end":{"line":8,"column":37}},"8":{"start":{"line":9,"column":0},"end":{"line":9,"column":81}},"9":{"start":{"line":10,"column":0},"end":{"line":10,"column":0}},"10":{"start":{"line":11,"column":0},"end":{"line":11,"column":47}},"11":{"start":{"line":12,"column":0},"end":{"line":12,"column":96}},"12":{"start":{"line":13,"column":0},"end":{"line":13,"column":0}},"13":{"start":{"line":14,"column":0},"end":{"line":14,"column":30}},"14":{"start":{"line":15,"column":0},"end":{"line":15,"column":96}},"15":{"start":{"line":16,"column":0},"end":{"line":16,"column":0}},"16":{"start":{"line":17,"column":0},"end":{"line":17,"column":28}},"17":{"start":{"line":18,"column":0},"end":{"line":18,"column":101}},"18":{"start":{"line":19,"column":0},"end":{"line":19,"column":0}},"19":{"start":{"line":20,"column":0},"end":{"line":20,"column":24}}},"s":{"0":1,"1":1,"2":1,"3":1,"4":1,"5":1,"6":1,"7":1,"8":1,"9":1,"10":1,"11":1,"12":1,"13":1,"14":1,"15":1,"16":1,"17":1,"18":1,"19":1},"branchMap":{},"b":{},"fnMap":{},"f":{}}
,"D:\\BINAR\\Ch5\\ChallangeChapter5\\routes\\authRoutes.js": {"path":"D:\\BINAR\\Ch5\\ChallangeChapter5\\routes\\authRoutes.js","all":false,"statementMap":{"0":{"start":{"line":1,"column":0},"end":{"line":1,"column":35}},"1":{"start":{"line":2,"column":0},"end":{"line":2,"column":45}},"2":{"start":{"line":3,"column":0},"end":{"line":3,"column":32}},"3":{"start":{"line":4,"column":0},"end":{"line":4,"column":67}},"4":{"start":{"line":5,"column":0},"end":{"line":5,"column":0}},"5":{"start":{"line":6,"column":0},"end":{"line":6,"column":58}},"6":{"start":{"line":7,"column":0},"end":{"line":7,"column":53}},"7":{"start":{"line":8,"column":0},"end":{"line":8,"column":39}},"8":{"start":{"line":9,"column":0},"end":{"line":9,"column":25}},"9":{"start":{"line":10,"column":0},"end":{"line":10,"column":3}},"10":{"start":{"line":11,"column":0},"end":{"line":11,"column":0}},"11":{"start":{"line":12,"column":0},"end":{"line":12,"column":52}},"12":{"start":{"line":13,"column":0},"end":{"line":13,"column":47}},"13":{"start":{"line":14,"column":0},"end":{"line":14,"column":36}},"14":{"start":{"line":15,"column":0},"end":{"line":15,"column":43}},"15":{"start":{"line":16,"column":0},"end":{"line":16,"column":3}},"16":{"start":{"line":17,"column":0},"end":{"line":17,"column":0}},"17":{"start":{"line":18,"column":0},"end":{"line":18,"column":24}}},"s":{"0":1,"1":1,"2":1,"3":1,"4":1,"5":1,"6":1,"7":1,"8":0,"9":1,"10":1,"11":1,"12":1,"13":1,"14":0,"15":1,"16":1,"17":1},"branchMap":{},"b":{},"fnMap":{},"f":{}}
,"D:\\BINAR\\Ch5\\ChallangeChapter5\\routes\\transactionRoutes.js": {"path":"D:\\BINAR\\Ch5\\ChallangeChapter5\\routes\\transactionRoutes.js","all":false,"statementMap":{"0":{"start":{"line":1,"column":0},"end":{"line":1,"column":35}},"1":{"start":{"line":2,"column":0},"end":{"line":2,"column":32}},"2":{"start":{"line":3,"column":0},"end":{"line":3,"column":78}},"3":{"start":{"line":4,"column":0},"end":{"line":4,"column":0}},"4":{"start":{"line":5,"column":0},"end":{"line":5,"column":40}},"5":{"start":{"line":6,"column":0},"end":{"line":6,"column":92}},"6":{"start":{"line":7,"column":0},"end":{"line":7,"column":0}},"7":{"start":{"line":8,"column":0},"end":{"line":8,"column":42}},"8":{"start":{"line":9,"column":0},"end":{"line":9,"column":87}},"9":{"start":{"line":10,"column":0},"end":{"line":10,"column":0}},"10":{"start":{"line":11,"column":0},"end":{"line":11,"column":52}},"11":{"start":{"line":12,"column":0},"end":{"line":12,"column":105}},"12":{"start":{"line":13,"column":0},"end":{"line":13,"column":0}},"13":{"start":{"line":14,"column":0},"end":{"line":14,"column":33}},"14":{"start":{"line":15,"column":0},"end":{"line":15,"column":110}},"15":{"start":{"line":16,"column":0},"end":{"line":16,"column":0}},"16":{"start":{"line":17,"column":0},"end":{"line":17,"column":24}}},"s":{"0":1,"1":1,"2":1,"3":1,"4":1,"5":1,"6":1,"7":1,"8":1,"9":1,"10":1,"11":1,"12":1,"13":1,"14":1,"15":1,"16":1},"branchMap":{},"b":{},"fnMap":{},"f":{}}
,"D:\\BINAR\\Ch5\\ChallangeChapter5\\routes\\userRoutes.js": {"path":"D:\\BINAR\\Ch5\\ChallangeChapter5\\routes\\userRoutes.js","all":false,"statementMap":{"0":{"start":{"line":1,"column":0},"end":{"line":1,"column":35}},"1":{"start":{"line":2,"column":0},"end":{"line":2,"column":32}},"2":{"start":{"line":3,"column":0},"end":{"line":3,"column":64}},"3":{"start":{"line":4,"column":0},"end":{"line":4,"column":0}},"4":{"start":{"line":5,"column":0},"end":{"line":5,"column":35}},"5":{"start":{"line":6,"column":0},"end":{"line":6,"column":77}},"6":{"start":{"line":7,"column":0},"end":{"line":7,"column":0}},"7":{"start":{"line":8,"column":0},"end":{"line":8,"column":38}},"8":{"start":{"line":9,"column":0},"end":{"line":9,"column":72}},"9":{"start":{"line":10,"column":0},"end":{"line":10,"column":0}},"10":{"start":{"line":11,"column":0},"end":{"line":11,"column":47}},"11":{"start":{"line":12,"column":0},"end":{"line":12,"column":84}},"12":{"start":{"line":13,"column":0},"end":{"line":13,"column":0}},"13":{"start":{"line":14,"column":0},"end":{"line":14,"column":30}},"14":{"start":{"line":15,"column":0},"end":{"line":15,"column":84}},"15":{"start":{"line":16,"column":0},"end":{"line":16,"column":0}},"16":{"start":{"line":17,"column":0},"end":{"line":17,"column":28}},"17":{"start":{"line":18,"column":0},"end":{"line":18,"column":89}},"18":{"start":{"line":19,"column":0},"end":{"line":19,"column":0}},"19":{"start":{"line":20,"column":0},"end":{"line":20,"column":24}}},"s":{"0":1,"1":1,"2":1,"3":1,"4":1,"5":1,"6":1,"7":1,"8":1,"9":1,"10":1,"11":1,"12":1,"13":1,"14":1,"15":1,"16":1,"17":1,"18":1,"19":1},"branchMap":{},"b":{},"fnMap":{},"f":{}}
}
