TN:
SF:app.js
FNF:0
FNH:0
DA:1,1
DA:2,1
DA:3,1
DA:4,1
DA:5,1
DA:6,1
DA:7,1
DA:8,1
DA:9,1
DA:10,1
DA:11,1
DA:12,1
DA:13,1
DA:14,1
DA:15,1
DA:16,1
DA:17,1
DA:18,1
DA:19,1
DA:20,1
DA:21,1
DA:22,1
DA:23,1
DA:24,1
DA:25,1
DA:26,1
DA:27,1
DA:28,1
DA:29,1
DA:30,1
DA:31,1
DA:32,1
DA:33,1
DA:34,1
DA:35,1
DA:36,1
DA:37,0
DA:38,0
DA:39,0
DA:40,0
DA:41,0
DA:42,1
DA:43,1
DA:44,1
DA:45,1
DA:46,1
DA:47,1
LF:47
LH:42
BRDA:36,0,0,0
BRF:1
BRH:0
end_of_record
TN:
SF:controllers\accountController.js
FN:2,showAccounts
FN:18,showAccountsId
FN:40,updateAccounts
FN:60,createAccounts
FN:84,destroyAccounts
FNF:5
FNH:5
FNDA:2,showAccounts
FNDA:2,showAccountsId
FNDA:3,updateAccounts
FNDA:4,createAccounts
FNDA:2,destroyAccounts
DA:1,1
DA:2,1
DA:3,2
DA:4,2
DA:5,0
DA:6,0
DA:7,0
DA:8,0
DA:9,0
DA:10,2
DA:11,2
DA:12,2
DA:13,2
DA:14,2
DA:15,2
DA:16,2
DA:17,1
DA:18,1
DA:19,2
DA:20,2
DA:21,2
DA:22,2
DA:23,2
DA:24,0
DA:25,0
DA:26,0
DA:27,0
DA:28,0
DA:29,0
DA:30,0
DA:31,0
DA:32,2
DA:33,2
DA:34,2
DA:35,2
DA:36,2
DA:37,2
DA:38,2
DA:39,1
DA:40,1
DA:41,3
DA:42,3
DA:43,3
DA:44,3
DA:45,3
DA:46,3
DA:47,0
DA:48,0
DA:49,0
DA:50,0
DA:51,0
DA:52,3
DA:53,3
DA:54,3
DA:55,3
DA:56,3
DA:57,3
DA:58,3
DA:59,1
DA:60,1
DA:61,4
DA:62,4
DA:63,4
DA:64,4
DA:65,4
DA:66,4
DA:67,4
DA:68,4
DA:69,4
DA:70,4
DA:71,0
DA:72,0
DA:73,0
DA:74,0
DA:75,0
DA:76,4
DA:77,4
DA:78,4
DA:79,4
DA:80,4
DA:81,4
DA:82,4
DA:83,1
DA:84,1
DA:85,2
DA:86,2
DA:87,2
DA:88,2
DA:89,2
DA:90,0
DA:91,0
DA:92,0
DA:93,0
DA:94,2
DA:95,2
DA:96,2
DA:97,2
DA:98,2
DA:99,2
DA:100,2
DA:101,1
DA:102,1
DA:103,1
LF:103
LH:76
BRDA:2,0,0,2
BRDA:4,1,0,0
BRDA:13,2,0,0
BRDA:18,3,0,2
BRDA:23,4,0,0
BRDA:35,5,0,0
BRDA:40,6,0,3
BRDA:46,7,0,0
BRDA:55,8,0,0
BRDA:60,9,0,4
BRDA:70,10,0,0
BRDA:79,11,0,0
BRDA:84,12,0,2
BRDA:89,13,0,0
BRDA:97,14,0,0
BRF:15
BRH:5
end_of_record
TN:
SF:controllers\transactionController.js
FN:2,showTransaksi
FN:18,showTransaksiId
FN:39,createTransaksi
FN:66,destroyTransaksi
FNF:4
FNH:4
FNDA:2,showTransaksi
FNDA:2,showTransaksiId
FNDA:3,createTransaksi
FNDA:2,destroyTransaksi
DA:1,1
DA:2,1
DA:3,2
DA:4,2
DA:5,0
DA:6,0
DA:7,0
DA:8,0
DA:9,0
DA:10,2
DA:11,2
DA:12,2
DA:13,2
DA:14,2
DA:15,2
DA:16,2
DA:17,1
DA:18,1
DA:19,2
DA:20,2
DA:21,0
DA:22,0
DA:23,0
DA:24,0
DA:25,0
DA:26,0
DA:27,0
DA:28,0
DA:29,0
DA:30,0
DA:31,2
DA:32,2
DA:33,2
DA:34,2
DA:35,2
DA:36,2
DA:37,2
DA:38,1
DA:39,1
DA:40,3
DA:41,3
DA:42,3
DA:43,3
DA:44,2
DA:45,2
DA:46,1
DA:47,1
DA:48,1
DA:49,1
DA:50,1
DA:51,1
DA:52,1
DA:53,0
DA:54,0
DA:55,0
DA:56,0
DA:57,0
DA:58,3
DA:59,1
DA:60,1
DA:61,1
DA:62,1
DA:63,1
DA:64,3
DA:65,1
DA:66,1
DA:67,2
DA:68,2
DA:69,0
DA:70,0
DA:71,0
DA:72,0
DA:73,0
DA:74,0
DA:75,0
DA:76,0
DA:77,0
DA:78,0
DA:79,2
DA:80,2
DA:81,2
DA:82,2
DA:83,2
DA:84,2
DA:85,2
DA:86,1
DA:87,1
DA:88,1
LF:88
LH:58
BRDA:2,0,0,2
BRDA:4,1,0,0
BRDA:13,2,0,0
BRDA:18,3,0,2
BRDA:20,4,0,0
BRDA:34,5,0,0
BRDA:39,6,0,3
BRDA:43,7,0,1
BRDA:43,8,0,1
BRDA:43,9,0,2
BRDA:45,10,0,1
BRDA:52,11,0,0
BRDA:58,12,0,1
BRDA:61,13,0,0
BRDA:66,14,0,2
BRDA:68,15,0,0
BRDA:82,16,0,0
BRF:17
BRH:9
end_of_record
TN:
SF:controllers\userController.js
FN:2,showUsers
FN:24,showUsersId
FN:45,createUsers
FN:68,updateUsers
FN:90,destroyUsers
FNF:5
FNH:5
FNDA:2,showUsers
FNDA:2,showUsersId
FNDA:2,createUsers
FNDA:2,updateUsers
FNDA:2,destroyUsers
DA:1,1
DA:2,1
DA:3,2
DA:4,2
DA:5,2
DA:6,0
DA:7,0
DA:8,0
DA:9,0
DA:10,0
DA:11,0
DA:12,0
DA:13,0
DA:14,0
DA:15,0
DA:16,2
DA:17,2
DA:18,2
DA:19,2
DA:20,2
DA:21,2
DA:22,1
DA:23,1
DA:24,1
DA:25,2
DA:26,2
DA:27,0
DA:28,0
DA:29,0
DA:30,0
DA:31,0
DA:32,0
DA:33,0
DA:34,0
DA:35,0
DA:36,0
DA:37,2
DA:38,2
DA:39,2
DA:40,2
DA:41,2
DA:42,2
DA:43,1
DA:44,1
DA:45,1
DA:46,2
DA:47,2
DA:48,2
DA:49,2
DA:50,1
DA:51,1
DA:52,1
DA:53,1
DA:54,2
DA:55,0
DA:56,0
DA:57,0
DA:58,0
DA:59,0
DA:60,2
DA:61,1
DA:62,1
DA:63,1
DA:64,1
DA:65,1
DA:66,1
DA:67,1
DA:68,1
DA:69,2
DA:70,2
DA:71,2
DA:72,0
DA:73,0
DA:74,0
DA:75,0
DA:76,0
DA:77,0
DA:78,0
DA:79,0
DA:80,0
DA:81,0
DA:82,2
DA:83,2
DA:84,2
DA:85,2
DA:86,2
DA:87,2
DA:88,1
DA:89,1
DA:90,1
DA:91,2
DA:92,2
DA:93,0
DA:94,0
DA:95,0
DA:96,0
DA:97,0
DA:98,0
DA:99,0
DA:100,0
DA:101,0
DA:102,2
DA:103,2
DA:104,2
DA:105,2
DA:106,2
DA:107,2
DA:108,2
DA:109,1
DA:110,1
DA:111,1
LF:111
LH:67
BRDA:2,0,0,2
BRDA:5,1,0,0
BRDA:19,2,0,0
BRDA:24,3,0,2
BRDA:26,4,0,0
BRDA:40,5,0,0
BRDA:45,6,0,2
BRDA:49,7,0,1
BRDA:49,8,0,1
BRDA:49,9,0,1
BRDA:54,10,0,0
BRDA:60,11,0,1
BRDA:63,12,0,0
BRDA:68,13,0,2
BRDA:71,14,0,0
BRDA:85,15,0,0
BRDA:90,16,0,2
BRDA:92,17,0,0
BRDA:105,18,0,0
BRF:19
BRH:9
end_of_record
TN:
SF:models\prisma.js
FNF:0
FNH:0
DA:1,1
DA:2,1
DA:3,1
DA:4,1
DA:5,1
LF:5
LH:5
BRF:0
BRH:0
end_of_record
TN:
SF:routes\accountRoutes.js
FNF:0
FNH:0
DA:1,1
DA:2,1
DA:3,1
DA:4,1
DA:5,1
DA:6,1
DA:7,1
DA:8,1
DA:9,1
DA:10,1
DA:11,1
DA:12,1
DA:13,1
DA:14,1
DA:15,1
DA:16,1
DA:17,1
DA:18,1
DA:19,1
DA:20,1
LF:20
LH:20
BRF:0
BRH:0
end_of_record
TN:
SF:routes\authRoutes.js
FNF:0
FNH:0
DA:1,1
DA:2,1
DA:3,1
DA:4,1
DA:5,1
DA:6,1
DA:7,1
DA:8,1
DA:9,0
DA:10,1
DA:11,1
DA:12,1
DA:13,1
DA:14,1
DA:15,0
DA:16,1
DA:17,1
DA:18,1
LF:18
LH:16
BRF:0
BRH:0
end_of_record
TN:
SF:routes\transactionRoutes.js
FNF:0
FNH:0
DA:1,1
DA:2,1
DA:3,1
DA:4,1
DA:5,1
DA:6,1
DA:7,1
DA:8,1
DA:9,1
DA:10,1
DA:11,1
DA:12,1
DA:13,1
DA:14,1
DA:15,1
DA:16,1
DA:17,1
LF:17
LH:17
BRF:0
BRH:0
end_of_record
TN:
SF:routes\userRoutes.js
FNF:0
FNH:0
DA:1,1
DA:2,1
DA:3,1
DA:4,1
DA:5,1
DA:6,1
DA:7,1
DA:8,1
DA:9,1
DA:10,1
DA:11,1
DA:12,1
DA:13,1
DA:14,1
DA:15,1
DA:16,1
DA:17,1
DA:18,1
DA:19,1
DA:20,1
LF:20
LH:20
BRF:0
BRH:0
end_of_record
